0 info it worked if it ends with ok
1 verbose cli [ 'C:\\Program Files\\nodejs\\node.exe',
1 verbose cli   'C:\\Program Files\\nodejs\\node_modules\\npm\\bin\\npm-cli.js',
1 verbose cli   'run',
1 verbose cli   'serve' ]
2 info using npm@3.10.10
3 info using node@v6.11.2
4 verbose run-script [ 'preserve', 'serve', 'postserve' ]
5 info lifecycle hoverboard@1.2.0~preserve: hoverboard@1.2.0
6 silly lifecycle hoverboard@1.2.0~preserve: no script for preserve, continuing
7 info lifecycle hoverboard@1.2.0~serve: hoverboard@1.2.0
8 verbose lifecycle hoverboard@1.2.0~serve: unsafe-perm in lifecycle true
9 verbose lifecycle hoverboard@1.2.0~serve: PATH: C:\Program Files\nodejs\node_modules\npm\bin\node-gyp-bin;C:\Proyectos\U\web Android Camp\AndroidCamp2017\node_modules\.bin;C:\Users\gunar\bin;C:\Program Files\Git\mingw64\bin;C:\Program Files\Git\usr\local\bin;C:\Program Files\Git\usr\bin;C:\Program Files\Git\usr\bin;C:\Program Files\Git\mingw64\bin;C:\Program Files\Git\usr\bin;C:\Users\gunar\bin;C:\ProgramData\Oracle\Java\javapath;C:\Windows\system32;C:\Windows;C:\Windows\System32\Wbem;C:\Windows\System32\WindowsPowerShell\v1.0;C:\Program Files\Git\cmd;C:\Program Files\nodejs;C:\Windows\system32;C:\Windows;C:\Windows\sy stem32\WBEM C;C:\Program Files\Git\windows\system32;C:\Program Files\Git\usr\bin\vendor_perl;C:\Program Files\Git\usr\bin\core_perl
10 verbose lifecycle hoverboard@1.2.0~serve: CWD: C:\Proyectos\U\web Android Camp\AndroidCamp2017
11 silly lifecycle hoverboard@1.2.0~serve: Args: [ '/d /s /c', 'gulp serve' ]
12 silly lifecycle hoverboard@1.2.0~serve: Returned: code: 1  signal: null
13 info lifecycle hoverboard@1.2.0~serve: Failed to exec serve script
14 verbose stack Error: hoverboard@1.2.0 serve: `gulp serve`
14 verbose stack Exit status 1
14 verbose stack     at EventEmitter.<anonymous> (C:\Program Files\nodejs\node_modules\npm\lib\utils\lifecycle.js:255:16)
14 verbose stack     at emitTwo (events.js:106:13)
14 verbose stack     at EventEmitter.emit (events.js:191:7)
14 verbose stack     at ChildProcess.<anonymous> (C:\Program Files\nodejs\node_modules\npm\lib\utils\spawn.js:40:14)
14 verbose stack     at emitTwo (events.js:106:13)
14 verbose stack     at ChildProcess.emit (events.js:191:7)
14 verbose stack     at maybeClose (internal/child_process.js:891:16)
14 verbose stack     at Process.ChildProcess._handle.onexit (internal/child_process.js:226:5)
15 verbose pkgid hoverboard@1.2.0
16 verbose cwd C:\Proyectos\U\web Android Camp\AndroidCamp2017
17 error Windows_NT 6.3.9600
18 error argv "C:\\Program Files\\nodejs\\node.exe" "C:\\Program Files\\nodejs\\node_modules\\npm\\bin\\npm-cli.js" "run" "serve"
19 error node v6.11.2
20 error npm  v3.10.10
21 error code ELIFECYCLE
22 error hoverboard@1.2.0 serve: `gulp serve`
22 error Exit status 1
23 error Failed at the hoverboard@1.2.0 serve script 'gulp serve'.
23 error Make sure you have the latest version of node.js and npm installed.
23 error If you do, this is most likely a problem with the hoverboard package,
23 error not with npm itself.
23 error Tell the author that this fails on your system:
23 error     gulp serve
23 error You can get information on how to open an issue for this project with:
23 error     npm bugs hoverboard
23 error Or if that isn't available, you can get their info via:
23 error     npm owner ls hoverboard
23 error There is likely additional logging output above.
24 verbose exit [ 1, true ]
